<?xml version="1.0" encoding="UTF-8"?>
<robot generator="Robot 4.1.3 (Python 3.10.1 on win32)" generated="20220113 18:51:21.760" rpa="false" schemaversion="2">
<suite id="s1" name="Test" source="c:\qaninja\robot\test.robot">
<test id="s1-t1" name="Deve retornar mensagem de boas vindas">
<kw name="Welcome" library="app">
<var>${results}</var>
<arg>Gabrielle</arg>
<msg timestamp="20220113 18:51:21.822" level="INFO">${results} = Olá Gabrielle, bem vinda ao Curso de Robot Framework!</msg>
<status status="PASS" starttime="20220113 18:51:21.822" endtime="20220113 18:51:21.822"/>
</kw>
<kw name="Should Be Equal" library="BuiltIn">
<arg>${results}</arg>
<arg>Olá Gabrielle, bem vinda ao Curso de Robot Framework!</arg>
<doc>Fails if the given objects are unequal.</doc>
<status status="PASS" starttime="20220113 18:51:21.822" endtime="20220113 18:51:21.824"/>
</kw>
<status status="PASS" starttime="20220113 18:51:21.807" endtime="20220113 18:51:21.825"/>
</test>
<status status="PASS" starttime="20220113 18:51:21.760" endtime="20220113 18:51:21.825"/>
</suite>
<statistics>
<total>
<stat pass="1" fail="0" skip="0">All Tests</stat>
</total>
<tag>
</tag>
<suite>
<stat pass="1" fail="0" skip="0" id="s1" name="Test">Test</stat>
</suite>
</statistics>
<errors>
</errors>
</robot>
