<?xml version="1.0" encoding="UTF-8"?>
<robot generator="Robot 4.1.3 (Python 3.10.1 on win32)" generated="20220113 21:34:18.249" rpa="false" schemaversion="2">
<suite id="s1" name="Login Form" source="c:\qaninja\robot\web\tests\login_form.robot">
<test id="s1-t1" name="Login com sucesso">
<kw name="Nova sessão" library="base" type="SETUP">
<kw name="Open Browser" library="SeleniumLibrary">
<arg>${url}</arg>
<arg>chrome</arg>
<doc>Opens a new browser instance to the optional ``url``.</doc>
<msg timestamp="20220113 21:34:18.613" level="INFO">Opening browser 'chrome' to base url 'https://training-wheels-protocol.herokuapp.com'.</msg>
<status status="PASS" starttime="20220113 21:34:18.613" endtime="20220113 21:34:22.801"/>
</kw>
<status status="PASS" starttime="20220113 21:34:18.613" endtime="20220113 21:34:22.801"/>
</kw>
<kw name="Go To" library="SeleniumLibrary">
<arg>${url}/login</arg>
<doc>Navigates the current browser window to the provided ``url``.</doc>
<msg timestamp="20220113 21:34:22.802" level="INFO">Opening url 'https://training-wheels-protocol.herokuapp.com/login'</msg>
<status status="PASS" starttime="20220113 21:34:22.802" endtime="20220113 21:34:23.405"/>
</kw>
<kw name="Login With">
<arg>stark</arg>
<arg>jarvis!</arg>
<kw name="Input Text" library="SeleniumLibrary">
<arg>css:input[name=username]</arg>
<arg>${uname}</arg>
<doc>Types the given ``text`` into the text field identified by ``locator``.</doc>
<msg timestamp="20220113 21:34:23.407" level="INFO">Typing text 'stark' into text field 'css:input[name=username]'.</msg>
<status status="PASS" starttime="20220113 21:34:23.406" endtime="20220113 21:34:23.508"/>
</kw>
<kw name="Input Text" library="SeleniumLibrary">
<arg>css:input[name=password]</arg>
<arg>${pass}</arg>
<doc>Types the given ``text`` into the text field identified by ``locator``.</doc>
<msg timestamp="20220113 21:34:23.509" level="INFO">Typing text 'jarvis!' into text field 'css:input[name=password]'.</msg>
<status status="PASS" starttime="20220113 21:34:23.508" endtime="20220113 21:34:23.607"/>
</kw>
<kw name="Click Element" library="SeleniumLibrary">
<arg>class:btn-login</arg>
<doc>Click the element identified by ``locator``.</doc>
<msg timestamp="20220113 21:34:23.608" level="INFO">Clicking element 'class:btn-login'.</msg>
<status status="PASS" starttime="20220113 21:34:23.607" endtime="20220113 21:34:24.071"/>
</kw>
<status status="PASS" starttime="20220113 21:34:23.405" endtime="20220113 21:34:24.071"/>
</kw>
<kw name="Should See Logged User">
<arg>Tony Stark</arg>
<kw name="Page Should Contain" library="SeleniumLibrary">
<arg>Olá, ${full_name}. Você acessou a área logada!</arg>
<doc>Verifies that current page contains ``text``.</doc>
<msg timestamp="20220113 21:34:24.090" level="INFO">Current page contains text 'Olá, Tony Stark. Você acessou a área logada!'.</msg>
<status status="PASS" starttime="20220113 21:34:24.072" endtime="20220113 21:34:24.090"/>
</kw>
<status status="PASS" starttime="20220113 21:34:24.072" endtime="20220113 21:34:24.090"/>
</kw>
<kw name="Encerra sessão" library="base" type="TEARDOWN">
<kw name="Capture Page Screenshot" library="SeleniumLibrary">
<doc>Takes a screenshot of the current page and embeds it into a log file.</doc>
<msg timestamp="20220113 21:34:24.371" level="INFO" html="true">&lt;/td&gt;&lt;/tr&gt;&lt;tr&gt;&lt;td colspan="3"&gt;&lt;a href="selenium-screenshot-20.png"&gt;&lt;img src="selenium-screenshot-20.png" width="800px"&gt;&lt;/a&gt;</msg>
<status status="PASS" starttime="20220113 21:34:24.092" endtime="20220113 21:34:24.371"/>
</kw>
<kw name="Close Browser" library="SeleniumLibrary">
<doc>Closes the current browser.</doc>
<status status="PASS" starttime="20220113 21:34:24.371" endtime="20220113 21:34:26.570"/>
</kw>
<status status="PASS" starttime="20220113 21:34:24.091" endtime="20220113 21:34:26.570"/>
</kw>
<status status="PASS" starttime="20220113 21:34:18.613" endtime="20220113 21:34:26.570"/>
</test>
<test id="s1-t2" name="Senha invalida">
<kw name="Nova sessão" library="base" type="SETUP">
<kw name="Open Browser" library="SeleniumLibrary">
<arg>${url}</arg>
<arg>chrome</arg>
<doc>Opens a new browser instance to the optional ``url``.</doc>
<msg timestamp="20220113 21:34:26.570" level="INFO">Opening browser 'chrome' to base url 'https://training-wheels-protocol.herokuapp.com'.</msg>
<status status="PASS" starttime="20220113 21:34:26.570" endtime="20220113 21:34:30.425"/>
</kw>
<status status="PASS" starttime="20220113 21:34:26.570" endtime="20220113 21:34:30.425"/>
</kw>
<kw name="Go To" library="SeleniumLibrary">
<arg>${url}/login</arg>
<doc>Navigates the current browser window to the provided ``url``.</doc>
<msg timestamp="20220113 21:34:30.427" level="INFO">Opening url 'https://training-wheels-protocol.herokuapp.com/login'</msg>
<status status="PASS" starttime="20220113 21:34:30.426" endtime="20220113 21:34:30.892"/>
</kw>
<kw name="Login With">
<arg>stark</arg>
<arg>errada</arg>
<kw name="Input Text" library="SeleniumLibrary">
<arg>css:input[name=username]</arg>
<arg>${uname}</arg>
<doc>Types the given ``text`` into the text field identified by ``locator``.</doc>
<msg timestamp="20220113 21:34:30.894" level="INFO">Typing text 'stark' into text field 'css:input[name=username]'.</msg>
<status status="PASS" starttime="20220113 21:34:30.893" endtime="20220113 21:34:31.015"/>
</kw>
<kw name="Input Text" library="SeleniumLibrary">
<arg>css:input[name=password]</arg>
<arg>${pass}</arg>
<doc>Types the given ``text`` into the text field identified by ``locator``.</doc>
<msg timestamp="20220113 21:34:31.016" level="INFO">Typing text 'errada' into text field 'css:input[name=password]'.</msg>
<status status="PASS" starttime="20220113 21:34:31.015" endtime="20220113 21:34:31.115"/>
</kw>
<kw name="Click Element" library="SeleniumLibrary">
<arg>class:btn-login</arg>
<doc>Click the element identified by ``locator``.</doc>
<msg timestamp="20220113 21:34:31.115" level="INFO">Clicking element 'class:btn-login'.</msg>
<status status="PASS" starttime="20220113 21:34:31.115" endtime="20220113 21:34:31.572"/>
</kw>
<status status="PASS" starttime="20220113 21:34:30.893" endtime="20220113 21:34:31.572"/>
</kw>
<kw name="Should Contain Login Alert">
<arg>Senha é invalida!</arg>
<kw name="Get WebElement" library="SeleniumLibrary">
<var>${message}</var>
<arg>id:flash</arg>
<doc>Returns the first WebElement matching the given ``locator``.</doc>
<msg timestamp="20220113 21:34:31.588" level="INFO">${message} = &lt;selenium.webdriver.remote.webelement.WebElement (session="193aad69babcd5db8347fdcf08c16536", element="2196580d-6aef-4bea-8c69-b37e465691dd")&gt;</msg>
<status status="PASS" starttime="20220113 21:34:31.575" endtime="20220113 21:34:31.588"/>
</kw>
<kw name="Should Contain" library="BuiltIn">
<arg>${message.text}</arg>
<arg>${expected_message}</arg>
<doc>Fails if ``container`` does not contain ``item`` one or more times.</doc>
<status status="PASS" starttime="20220113 21:34:31.588" endtime="20220113 21:34:31.605"/>
</kw>
<status status="PASS" starttime="20220113 21:34:31.574" endtime="20220113 21:34:31.607"/>
</kw>
<kw name="Encerra sessão" library="base" type="TEARDOWN">
<kw name="Capture Page Screenshot" library="SeleniumLibrary">
<doc>Takes a screenshot of the current page and embeds it into a log file.</doc>
<msg timestamp="20220113 21:34:31.887" level="INFO" html="true">&lt;/td&gt;&lt;/tr&gt;&lt;tr&gt;&lt;td colspan="3"&gt;&lt;a href="selenium-screenshot-21.png"&gt;&lt;img src="selenium-screenshot-21.png" width="800px"&gt;&lt;/a&gt;</msg>
<status status="PASS" starttime="20220113 21:34:31.607" endtime="20220113 21:34:31.887"/>
</kw>
<kw name="Close Browser" library="SeleniumLibrary">
<doc>Closes the current browser.</doc>
<status status="PASS" starttime="20220113 21:34:31.887" endtime="20220113 21:34:34.028"/>
</kw>
<status status="PASS" starttime="20220113 21:34:31.607" endtime="20220113 21:34:34.028"/>
</kw>
<status status="PASS" starttime="20220113 21:34:26.570" endtime="20220113 21:34:34.028"/>
</test>
<test id="s1-t3" name="Usuário não existe">
<kw name="Nova sessão" library="base" type="SETUP">
<kw name="Open Browser" library="SeleniumLibrary">
<arg>${url}</arg>
<arg>chrome</arg>
<doc>Opens a new browser instance to the optional ``url``.</doc>
<msg timestamp="20220113 21:34:34.032" level="INFO">Opening browser 'chrome' to base url 'https://training-wheels-protocol.herokuapp.com'.</msg>
<status status="PASS" starttime="20220113 21:34:34.032" endtime="20220113 21:34:37.753"/>
</kw>
<status status="PASS" starttime="20220113 21:34:34.032" endtime="20220113 21:34:37.753"/>
</kw>
<kw name="Go To" library="SeleniumLibrary">
<arg>${url}/login</arg>
<doc>Navigates the current browser window to the provided ``url``.</doc>
<msg timestamp="20220113 21:34:37.754" level="INFO">Opening url 'https://training-wheels-protocol.herokuapp.com/login'</msg>
<status status="PASS" starttime="20220113 21:34:37.754" endtime="20220113 21:34:38.296"/>
</kw>
<kw name="Login With">
<arg>gabi</arg>
<arg>jarvis!</arg>
<kw name="Input Text" library="SeleniumLibrary">
<arg>css:input[name=username]</arg>
<arg>${uname}</arg>
<doc>Types the given ``text`` into the text field identified by ``locator``.</doc>
<msg timestamp="20220113 21:34:38.298" level="INFO">Typing text 'gabi' into text field 'css:input[name=username]'.</msg>
<status status="PASS" starttime="20220113 21:34:38.297" endtime="20220113 21:34:38.398"/>
</kw>
<kw name="Input Text" library="SeleniumLibrary">
<arg>css:input[name=password]</arg>
<arg>${pass}</arg>
<doc>Types the given ``text`` into the text field identified by ``locator``.</doc>
<msg timestamp="20220113 21:34:38.399" level="INFO">Typing text 'jarvis!' into text field 'css:input[name=password]'.</msg>
<status status="PASS" starttime="20220113 21:34:38.398" endtime="20220113 21:34:38.499"/>
</kw>
<kw name="Click Element" library="SeleniumLibrary">
<arg>class:btn-login</arg>
<doc>Click the element identified by ``locator``.</doc>
<msg timestamp="20220113 21:34:38.501" level="INFO">Clicking element 'class:btn-login'.</msg>
<status status="PASS" starttime="20220113 21:34:38.499" endtime="20220113 21:34:38.966"/>
</kw>
<status status="PASS" starttime="20220113 21:34:38.297" endtime="20220113 21:34:38.966"/>
</kw>
<kw name="Should Contain Login Alert">
<arg>O usuário informado não está cadastrado!</arg>
<kw name="Get WebElement" library="SeleniumLibrary">
<var>${message}</var>
<arg>id:flash</arg>
<doc>Returns the first WebElement matching the given ``locator``.</doc>
<msg timestamp="20220113 21:34:38.982" level="INFO">${message} = &lt;selenium.webdriver.remote.webelement.WebElement (session="67c091f008296695e03bce257c29a408", element="c7c13c38-3a6a-4742-a620-93b9bb6dc80d")&gt;</msg>
<status status="PASS" starttime="20220113 21:34:38.967" endtime="20220113 21:34:38.982"/>
</kw>
<kw name="Should Contain" library="BuiltIn">
<arg>${message.text}</arg>
<arg>${expected_message}</arg>
<doc>Fails if ``container`` does not contain ``item`` one or more times.</doc>
<status status="PASS" starttime="20220113 21:34:38.984" endtime="20220113 21:34:39.002"/>
</kw>
<status status="PASS" starttime="20220113 21:34:38.967" endtime="20220113 21:34:39.003"/>
</kw>
<kw name="Encerra sessão" library="base" type="TEARDOWN">
<kw name="Capture Page Screenshot" library="SeleniumLibrary">
<doc>Takes a screenshot of the current page and embeds it into a log file.</doc>
<msg timestamp="20220113 21:34:39.271" level="INFO" html="true">&lt;/td&gt;&lt;/tr&gt;&lt;tr&gt;&lt;td colspan="3"&gt;&lt;a href="selenium-screenshot-22.png"&gt;&lt;img src="selenium-screenshot-22.png" width="800px"&gt;&lt;/a&gt;</msg>
<status status="PASS" starttime="20220113 21:34:39.004" endtime="20220113 21:34:39.271"/>
</kw>
<kw name="Close Browser" library="SeleniumLibrary">
<doc>Closes the current browser.</doc>
<status status="PASS" starttime="20220113 21:34:39.286" endtime="20220113 21:34:41.473"/>
</kw>
<status status="PASS" starttime="20220113 21:34:39.004" endtime="20220113 21:34:41.473"/>
</kw>
<status status="PASS" starttime="20220113 21:34:34.031" endtime="20220113 21:34:41.474"/>
</test>
<status status="PASS" starttime="20220113 21:34:18.249" endtime="20220113 21:34:41.475"/>
</suite>
<statistics>
<total>
<stat pass="3" fail="0" skip="0">All Tests</stat>
</total>
<tag>
</tag>
<suite>
<stat pass="3" fail="0" skip="0" id="s1" name="Login Form">Login Form</stat>
</suite>
</statistics>
<errors>
</errors>
</robot>
